0 info it worked if it ends with ok
1 verbose cli [ '/home/mitch/.nvm/versions/node/v4.2.6/bin/node',
1 verbose cli   '/home/mitch/.nvm/versions/node/v4.2.6/bin/npm',
1 verbose cli   'run',
1 verbose cli   'dev' ]
2 info using npm@2.14.12
3 info using node@v4.2.6
4 verbose run-script [ 'predev', 'dev', 'postdev' ]
5 info predev factorio-mod-manager@0.1.0
6 info dev factorio-mod-manager@0.1.0
7 verbose unsafe-perm in lifecycle true
8 info factorio-mod-manager@0.1.0 Failed to exec dev script
9 verbose stack Error: factorio-mod-manager@0.1.0 dev: `NODE_ENV=production ./node_modules/webpack/bin/webpack.js -w --progress --profile --colors`
9 verbose stack Exit status 126
9 verbose stack     at EventEmitter.<anonymous> (/home/mitch/.nvm/versions/node/v4.2.6/lib/node_modules/npm/lib/utils/lifecycle.js:214:16)
9 verbose stack     at emitTwo (events.js:87:13)
9 verbose stack     at EventEmitter.emit (events.js:172:7)
9 verbose stack     at ChildProcess.<anonymous> (/home/mitch/.nvm/versions/node/v4.2.6/lib/node_modules/npm/lib/utils/spawn.js:24:14)
9 verbose stack     at emitTwo (events.js:87:13)
9 verbose stack     at ChildProcess.emit (events.js:172:7)
9 verbose stack     at maybeClose (internal/child_process.js:821:16)
9 verbose stack     at Process.ChildProcess._handle.onexit (internal/child_process.js:211:5)
10 verbose pkgid factorio-mod-manager@0.1.0
11 verbose cwd /home/mitch/prog/go/src/github.com/majormjr/factorio-server-manager/ui
12 error Linux 4.4.0-45-generic
13 error argv "/home/mitch/.nvm/versions/node/v4.2.6/bin/node" "/home/mitch/.nvm/versions/node/v4.2.6/bin/npm" "run" "dev"
14 error node v4.2.6
15 error npm  v2.14.12
16 error code ELIFECYCLE
17 error factorio-mod-manager@0.1.0 dev: `NODE_ENV=production ./node_modules/webpack/bin/webpack.js -w --progress --profile --colors`
17 error Exit status 126
18 error Failed at the factorio-mod-manager@0.1.0 dev script 'NODE_ENV=production ./node_modules/webpack/bin/webpack.js -w --progress --profile --colors'.
18 error This is most likely a problem with the factorio-mod-manager package,
18 error not with npm itself.
18 error Tell the author that this fails on your system:
18 error     NODE_ENV=production ./node_modules/webpack/bin/webpack.js -w --progress --profile --colors
18 error You can get their info via:
18 error     npm owner ls factorio-mod-manager
18 error There is likely additional logging output above.
19 verbose exit [ 1, true ]
